Error[108]   D:\CÛPIA\SANKYU\080116\SANKYU\AS3993FWSOURCE\AS3993\FIRMWARE\SRC\MAIN.C 1 : Illegal character (/)
Error[108]   D:\CÛPIA\SANKYU\080116\SANKYU\AS3993FWSOURCE\AS3993\FIRMWARE\SRC\MAIN.C 2 : Illegal character (*)
Error[108]   D:\CÛPIA\SANKYU\080116\SANKYU\AS3993FWSOURCE\AS3993\FIRMWARE\SRC\MAIN.C 3 : Illegal character (*)
Error[108]   D:\CÛPIA\SANKYU\080116\SANKYU\AS3993FWSOURCE\AS3993\FIRMWARE\SRC\MAIN.C 4 : Illegal character (*)
Error[108]   D:\CÛPIA\SANKYU\080116\SANKYU\AS3993FWSOURCE\AS3993\FIRMWARE\SRC\MAIN.C 5 : Illegal character (*)
Error[108]   D:\CÛPIA\SANKYU\080116\SANKYU\AS3993FWSOURCE\AS3993\FIRMWARE\SRC\MAIN.C 6 : Illegal character (*)
Error[108]   D:\CÛPIA\SANKYU\080116\SANKYU\AS3993FWSOURCE\AS3993\FIRMWARE\SRC\MAIN.C 7 : Illegal character (*)
Error[108]   D:\CÛPIA\SANKYU\080116\SANKYU\AS3993FWSOURCE\AS3993\FIRMWARE\SRC\MAIN.C 8 : Illegal character (*)
Error[108]   D:\CÛPIA\SANKYU\080116\SANKYU\AS3993FWSOURCE\AS3993\FIRMWARE\SRC\MAIN.C 9 : Illegal character (*)
Error[108]   D:\CÛPIA\SANKYU\080116\SANKYU\AS3993FWSOURCE\AS3993\FIRMWARE\SRC\MAIN.C 10 : Illegal character (*)
Error[108]   D:\CÛPIA\SANKYU\080116\SANKYU\AS3993FWSOURCE\AS3993\FIRMWARE\SRC\MAIN.C 11 : Illegal character (*)
Error[108]   D:\CÛPIA\SANKYU\080116\SANKYU\AS3993FWSOURCE\AS3993\FIRMWARE\SRC\MAIN.C 12 : Illegal character (*)
Error[108]   D:\CÛPIA\SANKYU\080116\SANKYU\AS3993FWSOURCE\AS3993\FIRMWARE\SRC\MAIN.C 13 : Illegal character (*)
Error[108]   D:\CÛPIA\SANKYU\080116\SANKYU\AS3993FWSOURCE\AS3993\FIRMWARE\SRC\MAIN.C 14 : Illegal character (*)
Error[108]   D:\CÛPIA\SANKYU\080116\SANKYU\AS3993FWSOURCE\AS3993\FIRMWARE\SRC\MAIN.C 15 : Illegal character (*)
Error[108]   D:\CÛPIA\SANKYU\080116\SANKYU\AS3993FWSOURCE\AS3993\FIRMWARE\SRC\MAIN.C 16 : Illegal character (*)
Error[108]   D:\CÛPIA\SANKYU\080116\SANKYU\AS3993FWSOURCE\AS3993\FIRMWARE\SRC\MAIN.C 17 : Illegal character (*)
Error[108]   D:\CÛPIA\SANKYU\080116\SANKYU\AS3993FWSOURCE\AS3993\FIRMWARE\SRC\MAIN.C 18 : Illegal character (*)
Error[108]   D:\CÛPIA\SANKYU\080116\SANKYU\AS3993FWSOURCE\AS3993\FIRMWARE\SRC\MAIN.C 19 : Illegal character (*)
Error[108]   D:\CÛPIA\SANKYU\080116\SANKYU\AS3993FWSOURCE\AS3993\FIRMWARE\SRC\MAIN.C 20 : Illegal character (*)
Error[108]   D:\CÛPIA\SANKYU\080116\SANKYU\AS3993FWSOURCE\AS3993\FIRMWARE\SRC\MAIN.C 21 : Illegal character (*)
Error[108]   D:\CÛPIA\SANKYU\080116\SANKYU\AS3993FWSOURCE\AS3993\FIRMWARE\SRC\MAIN.C 22 : Illegal character (*)
Error[108]   D:\CÛPIA\SANKYU\080116\SANKYU\AS3993FWSOURCE\AS3993\FIRMWARE\SRC\MAIN.C 23 : Illegal character (/)
Error[108]   D:\CÛPIA\SANKYU\080116\SANKYU\AS3993FWSOURCE\AS3993\FIRMWARE\SRC\MAIN.C 24 : Illegal character (*)
Error[108]   D:\CÛPIA\SANKYU\080116\SANKYU\AS3993FWSOURCE\AS3993\FIRMWARE\SRC\MAIN.C 25 : Illegal character (*)
Error[108]   D:\CÛPIA\SANKYU\080116\SANKYU\AS3993FWSOURCE\AS3993\FIRMWARE\SRC\MAIN.C 26 : Illegal character (*)
Error[108]   D:\CÛPIA\SANKYU\080116\SANKYU\AS3993FWSOURCE\AS3993\FIRMWARE\SRC\MAIN.C 27 : Illegal character (*)
Error[108]   D:\CÛPIA\SANKYU\080116\SANKYU\AS3993FWSOURCE\AS3993\FIRMWARE\SRC\MAIN.C 28 : Illegal character (*)
Error[108]   D:\CÛPIA\SANKYU\080116\SANKYU\AS3993FWSOURCE\AS3993\FIRMWARE\SRC\MAIN.C 30 : Illegal character (/)
Error[108]   D:\CÛPIA\SANKYU\080116\SANKYU\AS3993FWSOURCE\AS3993\FIRMWARE\SRC\MAIN.C 31 : Illegal character (*)
Error[108]   D:\CÛPIA\SANKYU\080116\SANKYU\AS3993FWSOURCE\AS3993\FIRMWARE\SRC\MAIN.C 32 : Illegal character (*)
Error[108]   D:\CÛPIA\SANKYU\080116\SANKYU\AS3993FWSOURCE\AS3993\FIRMWARE\SRC\MAIN.C 33 : Illegal character (*)
Error[108]   D:\CÛPIA\SANKYU\080116\SANKYU\AS3993FWSOURCE\AS3993\FIRMWARE\SRC\MAIN.C 34 : Illegal character (*)
Error[108]   D:\CÛPIA\SANKYU\080116\SANKYU\AS3993FWSOURCE\AS3993\FIRMWARE\SRC\MAIN.C 35 : Illegal character (/)
Error[105]   D:\CÛPIA\SANKYU\080116\SANKYU\AS3993FWSOURCE\AS3993\FIRMWARE\SRC\MAIN.C 36 : Cannot open file (Include File "stdio.h" not found)
Error[105]   D:\CÛPIA\SANKYU\080116\SANKYU\AS3993FWSOURCE\AS3993\FIRMWARE\SRC\MAIN.C 37 : Cannot open file (Include File "string.h" not found)
Error[108]   D:\CÛPIA\SANKYU\080116\SANKYU\AS3993FWSOURCE\AS3993\FIRMWARE\SRC\LCD.H 1 : Illegal character (/)
Error[108]   D:\CÛPIA\SANKYU\080116\SANKYU\AS3993FWSOURCE\AS3993\FIRMWARE\SRC\LCD.H 2 : Illegal character (*)
Error[108]   D:\CÛPIA\SANKYU\080116\SANKYU\AS3993FWSOURCE\AS3993\FIRMWARE\SRC\LCD.H 3 : Illegal character (*)
Error[108]   D:\CÛPIA\SANKYU\080116\SANKYU\AS3993FWSOURCE\AS3993\FIRMWARE\SRC\LCD.H 4 : Illegal character (*)
Error[108]   D:\CÛPIA\SANKYU\080116\SANKYU\AS3993FWSOURCE\AS3993\FIRMWARE\SRC\LCD.H 5 : Illegal character (*)
Error[108]   D:\CÛPIA\SANKYU\080116\SANKYU\AS3993FWSOURCE\AS3993\FIRMWARE\SRC\LCD.H 6 : Illegal character (*)
Error[108]   D:\CÛPIA\SANKYU\080116\SANKYU\AS3993FWSOURCE\AS3993\FIRMWARE\SRC\LCD.H 7 : Illegal character (*)
Error[108]   D:\CÛPIA\SANKYU\080116\SANKYU\AS3993FWSOURCE\AS3993\FIRMWARE\SRC\LCD.H 8 : Illegal character (*)
Error[108]   D:\CÛPIA\SANKYU\080116\SANKYU\AS3993FWSOURCE\AS3993\FIRMWARE\SRC\LCD.H 9 : Illegal character (*)
Error[108]   D:\CÛPIA\SANKYU\080116\SANKYU\AS3993FWSOURCE\AS3993\FIRMWARE\SRC\LCD.H 10 : Illegal character (*)
Error[108]   D:\CÛPIA\SANKYU\080116\SANKYU\AS3993FWSOURCE\AS3993\FIRMWARE\SRC\LCD.H 11 : Illegal character (*)
Error[108]   D:\CÛPIA\SANKYU\080116\SANKYU\AS3993FWSOURCE\AS3993\FIRMWARE\SRC\LCD.H 12 : Illegal character (*)
Error[108]   D:\CÛPIA\SANKYU\080116\SANKYU\AS3993FWSOURCE\AS3993\FIRMWARE\SRC\LCD.H 13 : Illegal character (*)
Error[108]   D:\CÛPIA\SANKYU\080116\SANKYU\AS3993FWSOURCE\AS3993\FIRMWARE\SRC\LCD.H 14 : Illegal character (*)
Error[108]   D:\CÛPIA\SANKYU\080116\SANKYU\AS3993FWSOURCE\AS3993\FIRMWARE\SRC\LCD.H 15 : Illegal character (*)
Error[108]   D:\CÛPIA\SANKYU\080116\SANKYU\AS3993FWSOURCE\AS3993\FIRMWARE\SRC\LCD.H 16 : Illegal character (*)
Error[108]   D:\CÛPIA\SANKYU\080116\SANKYU\AS3993FWSOURCE\AS3993\FIRMWARE\SRC\LCD.H 17 : Illegal character (*)
Error[108]   D:\CÛPIA\SANKYU\080116\SANKYU\AS3993FWSOURCE\AS3993\FIRMWARE\SRC\LCD.H 19 : Illegal character (/)
Error[108]   D:\CÛPIA\SANKYU\080116\SANKYU\AS3993FWSOURCE\AS3993\FIRMWARE\SRC\LCD.H 20 : Illegal character (*)
Error[108]   D:\CÛPIA\SANKYU\080116\SANKYU\AS3993FWSOURCE\AS3993\FIRMWARE\SRC\LCD.H 21 : Illegal character (*)
Error[108]   D:\CÛPIA\SANKYU\080116\SANKYU\AS3993FWSOURCE\AS3993\FIRMWARE\SRC\LCD.H 22 : Illegal character (/)
Error[108]   D:\CÛPIA\SANKYU\080116\SANKYU\AS3993FWSOURCE\AS3993\FIRMWARE\SRC\LCD.H 24 : Illegal character (/)
Error[108]   D:\CÛPIA\SANKYU\080116\SANKYU\AS3993FWSOURCE\AS3993\FIRMWARE\SRC\LCD.H 25 : Illegal character (*)
Error[108]   D:\CÛPIA\SANKYU\080116\SANKYU\AS3993FWSOURCE\AS3993\FIRMWARE\SRC\LCD.H 26 : Illegal character (*)
Error[121]   D:\CÛPIA\SANKYU\080116\SANKYU\AS3993FWSOURCE\AS3993\FIRMWARE\SRC\LCD.H 27 : Illegal label (UPPER)
Error[108]   D:\CÛPIA\SANKYU\080116\SANKYU\AS3993FWSOURCE\AS3993\FIRMWARE\SRC\LCD.H 29 : Illegal character (/)
Error[108]   D:\CÛPIA\SANKYU\080116\SANKYU\AS3993FWSOURCE\AS3993\FIRMWARE\SRC\LCD.H 30 : Illegal character (/)
Error[108]   D:\CÛPIA\SANKYU\080116\SANKYU\AS3993FWSOURCE\AS3993\FIRMWARE\SRC\LCD.H 31 : Illegal character (/)
Error[108]   D:\CÛPIA\SANKYU\080116\SANKYU\AS3993FWSOURCE\AS3993\FIRMWARE\SRC\LCD.H 33 : Illegal character (/)
Error[108]   D:\CÛPIA\SANKYU\080116\SANKYU\AS3993FWSOURCE\AS3993\FIRMWARE\SRC\LCD.H 34 : Illegal character (*)
Error[108]   D:\CÛPIA\SANKYU\080116\SANKYU\AS3993FWSOURCE\AS3993\FIRMWARE\SRC\LCD.H 35 : Illegal character (*)
Error[108]   D:\CÛPIA\SANKYU\080116\SANKYU\AS3993FWSOURCE\AS3993\FIRMWARE\SRC\LCD.H 36 : Illegal character (/)
Error[108]   D:\CÛPIA\SANKYU\080116\SANKYU\AS3993FWSOURCE\AS3993\FIRMWARE\SRC\LCD.H 37 : Illegal character (/)
Error[108]   D:\CÛPIA\SANKYU\080116\SANKYU\AS3993FWSOURCE\AS3993\FIRMWARE\SRC\LCD.H 38 : Illegal character (/)
Error[108]   D:\CÛPIA\SANKYU\080116\SANKYU\AS3993FWSOURCE\AS3993\FIRMWARE\SRC\LCD.H 39 : Illegal character (/)
Error[108]   D:\CÛPIA\SANKYU\080116\SANKYU\AS3993FWSOURCE\AS3993\FIRMWARE\SRC\LCD.H 40 : Illegal character (/)
Error[108]   D:\CÛPIA\SANKYU\080116\SANKYU\AS3993FWSOURCE\AS3993\FIRMWARE\SRC\LCD.H 41 : Illegal character (/)
Error[108]   D:\CÛPIA\SANKYU\080116\SANKYU\AS3993FWSOURCE\AS3993\FIRMWARE\SRC\LCD.H 43 : Illegal character (/)
Error[108]   D:\CÛPIA\SANKYU\080116\SANKYU\AS3993FWSOURCE\AS3993\FIRMWARE\SRC\LCD.H 51 : Illegal character (/)
Error[108]   D:\CÛPIA\SANKYU\080116\SANKYU\AS3993FWSOURCE\AS3993\FIRMWARE\SRC\LCD.H 57 : Illegal character (/)
Error[108]   D:\CÛPIA\SANKYU\080116\SANKYU\AS3993FWSOURCE\AS3993\FIRMWARE\SRC\LCD.H 64 : Illegal character (/)
Error[108]   D:\CÛPIA\SANKYU\080116\SANKYU\AS3993FWSOURCE\AS3993\FIRMWARE\SRC\LCD.H 65 : Illegal character (/)
Error[122]   D:\CÛPIA\SANKYU\080116\SANKYU\AS3993FWSOURCE\AS3993\FIRMWARE\SRC\LCD.H 67 : Illegal opcode (poe_dado_display)
Error[108]   D:\CÛPIA\SANKYU\080116\SANKYU\AS3993FWSOURCE\AS3993\FIRMWARE\SRC\LCD.H 69 : Illegal character (/)
Error[108]   D:\CÛPIA\SANKYU\080116\SANKYU\AS3993FWSOURCE\AS3993\FIRMWARE\SRC\LCD.H 70 : Illegal character (*)
Error[108]   D:\CÛPIA\SANKYU\080116\SANKYU\AS3993FWSOURCE\AS3993\FIRMWARE\SRC\LCD.H 71 : Illegal character (*)
Error[108]   D:\CÛPIA\SANKYU\080116\SANKYU\AS3993FWSOURCE\AS3993\FIRMWARE\SRC\LCD.H 72 : Illegal character (/)
Error[108]   D:\CÛPIA\SANKYU\080116\SANKYU\AS3993FWSOURCE\AS3993\FIRMWARE\SRC\LCD.H 74 : Illegal character (/)
Error[108]   D:\CÛPIA\SANKYU\080116\SANKYU\AS3993FWSOURCE\AS3993\FIRMWARE\SRC\LCD.H 75 : Illegal character (*)
Error[108]   D:\CÛPIA\SANKYU\080116\SANKYU\AS3993FWSOURCE\AS3993\FIRMWARE\SRC\LCD.H 76 : Illegal character (*)
Error[122]   D:\CÛPIA\SANKYU\080116\SANKYU\AS3993FWSOURCE\AS3993\FIRMWARE\SRC\LCD.H 77 : Illegal opcode (SetCGRamAddr)
Error[108]   D:\CÛPIA\SANKYU\080116\SANKYU\AS3993FWSOURCE\AS3993\FIRMWARE\SRC\LCD.H 79 : Illegal character (/)
Error[108]   D:\CÛPIA\SANKYU\080116\SANKYU\AS3993FWSOURCE\AS3993\FIRMWARE\SRC\LCD.H 80 : Illegal character (*)
Error[108]   D:\CÛPIA\SANKYU\080116\SANKYU\AS3993FWSOURCE\AS3993\FIRMWARE\SRC\LCD.H 81 : Illegal character (*)
Error[122]   D:\CÛPIA\SANKYU\080116\SANKYU\AS3993FWSOURCE\AS3993\FIRMWARE\SRC\LCD.H 82 : Illegal opcode (SetDDRamAddr)
Error[108]   D:\CÛPIA\SANKYU\080116\SANKYU\AS3993FWSOURCE\AS3993\FIRMWARE\SRC\LCD.H 84 : Illegal character (/)
Error[108]   D:\CÛPIA\SANKYU\080116\SANKYU\AS3993FWSOURCE\AS3993\FIRMWARE\SRC\LCD.H 85 : Illegal character (*)
Error[108]   D:\CÛPIA\SANKYU\080116\SANKYU\AS3993FWSOURCE\AS3993\FIRMWARE\SRC\LCD.H 86 : Illegal character (*)
Error[122]   D:\CÛPIA\SANKYU\080116\SANKYU\AS3993FWSOURCE\AS3993\FIRMWARE\SRC\LCD.H 87 : Illegal opcode (char)
Error[108]   D:\CÛPIA\SANKYU\080116\SANKYU\AS3993FWSOURCE\AS3993\FIRMWARE\SRC\LCD.H 89 : Illegal character (/)
Error[108]   D:\CÛPIA\SANKYU\080116\SANKYU\AS3993FWSOURCE\AS3993\FIRMWARE\SRC\LCD.H 90 : Illegal character (*)
Error[108]   D:\CÛPIA\SANKYU\080116\SANKYU\AS3993FWSOURCE\AS3993\FIRMWARE\SRC\LCD.H 91 : Illegal character (*)
Error[122]   D:\CÛPIA\SANKYU\080116\SANKYU\AS3993FWSOURCE\AS3993\FIRMWARE\SRC\LCD.H 92 : Illegal opcode (char)
Error[108]   D:\CÛPIA\SANKYU\080116\SANKYU\AS3993FWSOURCE\AS3993\FIRMWARE\SRC\LCD.H 94 : Illegal character (/)
Error[108]   D:\CÛPIA\SANKYU\080116\SANKYU\AS3993FWSOURCE\AS3993\FIRMWARE\SRC\LCD.H 95 : Illegal character (*)
Error[108]   D:\CÛPIA\SANKYU\080116\SANKYU\AS3993FWSOURCE\AS3993\FIRMWARE\SRC\LCD.H 96 : Illegal character (*)
Error[122]   D:\CÛPIA\SANKYU\080116\SANKYU\AS3993FWSOURCE\AS3993\FIRMWARE\SRC\LCD.H 97 : Illegal opcode (ReadDataXLCD)
Error[108]   D:\CÛPIA\SANKYU\080116\SANKYU\AS3993FWSOURCE\AS3993\FIRMWARE\SRC\LCD.H 99 : Illegal character (/)
Error[108]   D:\CÛPIA\SANKYU\080116\SANKYU\AS3993FWSOURCE\AS3993\FIRMWARE\SRC\LCD.H 100 : Illegal character (*)
Error[108]   D:\CÛPIA\SANKYU\080116\SANKYU\AS3993FWSOURCE\AS3993\FIRMWARE\SRC\LCD.H 101 : Illegal character (*)
Error[122]   D:\CÛPIA\SANKYU\080116\SANKYU\AS3993FWSOURCE\AS3993\FIRMWARE\SRC\LCD.H 102 : Illegal opcode (WriteCmdXLCD)
Error[108]   D:\CÛPIA\SANKYU\080116\SANKYU\AS3993FWSOURCE\AS3993\FIRMWARE\SRC\LCD.H 104 : Illegal character (/)
Error[108]   D:\CÛPIA\SANKYU\080116\SANKYU\AS3993FWSOURCE\AS3993\FIRMWARE\SRC\LCD.H 105 : Illegal character (*)
Error[108]   D:\CÛPIA\SANKYU\080116\SANKYU\AS3993FWSOURCE\AS3993\FIRMWARE\SRC\LCD.H 106 : Illegal character (*)
Error[122]   D:\CÛPIA\SANKYU\080116\SANKYU\AS3993FWSOURCE\AS3993\FIRMWARE\SRC\LCD.H 107 : Illegal opcode (WriteDataXLCD)
Error[108]   D:\CÛPIA\SANKYU\080116\SANKYU\AS3993FWSOURCE\AS3993\FIRMWARE\SRC\LCD.H 109 : Illegal character (/)
Error[108]   D:\CÛPIA\SANKYU\080116\SANKYU\AS3993FWSOURCE\AS3993\FIRMWARE\SRC\LCD.H 110 : Illegal character (*)
Error[108]   D:\CÛPIA\SANKYU\080116\SANKYU\AS3993FWSOURCE\AS3993\FIRMWARE\SRC\LCD.H 111 : Illegal character (*)
Error[108]   D:\CÛPIA\SANKYU\080116\SANKYU\AS3993FWSOURCE\AS3993\FIRMWARE\SRC\LCD.H 112 : Illegal character (/)
Error[108]   D:\CÛPIA\SANKYU\080116\SANKYU\AS3993FWSOURCE\AS3993\FIRMWARE\SRC\LCD.H 114 : Illegal character (/)
Error[108]   D:\CÛPIA\SANKYU\080116\SANKYU\AS3993FWSOURCE\AS3993\FIRMWARE\SRC\LCD.H 115 : Illegal character (*)
Error[108]   D:\CÛPIA\SANKYU\080116\SANKYU\AS3993FWSOURCE\AS3993\FIRMWARE\SRC\LCD.H 116 : Illegal character (*)
Error[122]   D:\CÛPIA\SANKYU\080116\SANKYU\AS3993FWSOURCE\AS3993\FIRMWARE\SRC\LCD.H 117 : Illegal opcode (putsXLCD)
Error[108]   D:\CÛPIA\SANKYU\080116\SANKYU\AS3993FWSOURCE\AS3993\FIRMWARE\SRC\LCD.H 119 : Illegal character (/)
Error[108]   D:\CÛPIA\SANKYU\080116\SANKYU\AS3993FWSOURCE\AS3993\FIRMWARE\SRC\LCD.H 120 : Illegal character (*)
Error[108]   D:\CÛPIA\SANKYU\080116\SANKYU\AS3993FWSOURCE\AS3993\FIRMWARE\SRC\LCD.H 121 : Illegal character (*)
Error[108]   D:\CÛPIA\SANKYU\080116\SANKYU\AS3993FWSOURCE\AS3993\FIRMWARE\SRC\LCD.H 122 : Illegal character (/)
Error[122]   D:\CÛPIA\SANKYU\080116\SANKYU\AS3993FWSOURCE\AS3993\FIRMWARE\SRC\LCD.H 124 : Illegal opcode (niblle_dado_display)
Error[122]   D:\CÛPIA\SANKYU\080116\SANKYU\AS3993FWSOURCE\AS3993\FIRMWARE\SRC\LCD.H 126 : Illegal opcode (niblle_com_display)
Error[122]   D:\CÛPIA\SANKYU\080116\SANKYU\AS3993FWSOURCE\AS3993\FIRMWARE\SRC\LCD.H 128 : Illegal opcode (minha_inicia_display)
Error[122]   D:\CÛPIA\SANKYU\080116\SANKYU\AS3993FWSOURCE\AS3993\FIRMWARE\SRC\LCD.H 130 : Illegal opcode (inicia_display)
Error[122]   D:\CÛPIA\SANKYU\080116\SANKYU\AS3993FWSOURCE\AS3993\FIRMWARE\SRC\LCD.H 132 : Illegal opcode (poe_dado_XY)
Error[122]   D:\CÛPIA\SANKYU\080116\SANKYU\AS3993FWSOURCE\AS3993\FIRMWARE\SRC\LCD.H 134 : Illegal opcode (poe_texto_XY)
Error[122]   D:\CÛPIA\SANKYU\080116\SANKYU\AS3993FWSOURCE\AS3993\FIRMWARE\SRC\LCD.H 136 : Illegal opcode (poe_cursor_XY)
Error[122]   D:\CÛPIA\SANKYU\080116\SANKYU\AS3993FWSOURCE\AS3993\FIRMWARE\SRC\LCD.H 138 : Illegal opcode (mostra_tags_display)
Error[122]   D:\CÛPIA\SANKYU\080116\SANKYU\AS3993FWSOURCE\AS3993\FIRMWARE\SRC\LCD.H 140 : Illegal opcode (limpa_display)
Error[122]   D:\CÛPIA\SANKYU\080116\SANKYU\AS3993FWSOURCE\AS3993\FIRMWARE\SRC\LCD.H 142 : Illegal opcode (retorna_display)
Error[108]   D:\CÛPIA\SANKYU\080116\SANKYU\AS3993FWSOURCE\AS3993\FIRMWARE\SRC\LCD.H 144 : Illegal character (/)
Error[108]   D:\CÛPIA\SANKYU\080116\SANKYU\AS3993FWSOURCE\AS3993\FIRMWARE\SRC\AS3993_CONFIG.H 1 : Illegal character (/)
Error[108]   D:\CÛPIA\SANKYU\080116\SANKYU\AS3993FWSOURCE\AS3993\FIRMWARE\SRC\AS3993_CONFIG.H 2 : Illegal character (*)
Error[108]   D:\CÛPIA\SANKYU\080116\SANKYU\AS3993FWSOURCE\AS3993\FIRMWARE\SRC\AS3993_CONFIG.H 3 : Illegal character (*)
Error[108]   D:\CÛPIA\SANKYU\080116\SANKYU\AS3993FWSOURCE\AS3993\FIRMWARE\SRC\AS3993_CONFIG.H 4 : Illegal character (*)
Error[108]   D:\CÛPIA\SANKYU\080116\SANKYU\AS3993FWSOURCE\AS3993\FIRMWARE\SRC\AS3993_CONFIG.H 5 : Illegal character (*)
Error[108]   D:\CÛPIA\SANKYU\080116\SANKYU\AS3993FWSOURCE\AS3993\FIRMWARE\SRC\AS3993_CONFIG.H 6 : Illegal character (*)
Error[108]   D:\CÛPIA\SANKYU\080116\SANKYU\AS3993FWSOURCE\AS3993\FIRMWARE\SRC\AS3993_CONFIG.H 7 : Illegal character (*)
Error[108]   D:\CÛPIA\SANKYU\080116\SANKYU\AS3993FWSOURCE\AS3993\FIRMWARE\SRC\AS3993_CONFIG.H 8 : Illegal character (*)
Error[108]   D:\CÛPIA\SANKYU\080116\SANKYU\AS3993FWSOURCE\AS3993\FIRMWARE\SRC\AS3993_CONFIG.H 9 : Illegal character (*)
Error[108]   D:\CÛPIA\SANKYU\080116\SANKYU\AS3993FWSOURCE\AS3993\FIRMWARE\SRC\AS3993_CONFIG.H 10 : Illegal character (*)
Error[108]   D:\CÛPIA\SANKYU\080116\SANKYU\AS3993FWSOURCE\AS3993\FIRMWARE\SRC\AS3993_CONFIG.H 11 : Illegal character (*)
Error[108]   D:\CÛPIA\SANKYU\080116\SANKYU\AS3993FWSOURCE\AS3993\FIRMWARE\SRC\AS3993_CONFIG.H 12 : Illegal character (*)
Error[108]   D:\CÛPIA\SANKYU\080116\SANKYU\AS3993FWSOURCE\AS3993\FIRMWARE\SRC\AS3993_CONFIG.H 13 : Illegal character (*)
Error[108]   D:\CÛPIA\SANKYU\080116\SANKYU\AS3993FWSOURCE\AS3993\FIRMWARE\SRC\AS3993_CONFIG.H 14 : Illegal character (*)
Error[108]   D:\CÛPIA\SANKYU\080116\SANKYU\AS3993FWSOURCE\AS3993\FIRMWARE\SRC\AS3993_CONFIG.H 15 : Illegal character (*)
Error[108]   D:\CÛPIA\SANKYU\080116\SANKYU\AS3993FWSOURCE\AS3993\FIRMWARE\SRC\AS3993_CONFIG.H 16 : Illegal character (*)
Error[108]   D:\CÛPIA\SANKYU\080116\SANKYU\AS3993FWSOURCE\AS3993\FIRMWARE\SRC\AS3993_CONFIG.H 17 : Illegal character (*)
Error[108]   D:\CÛPIA\SANKYU\080116\SANKYU\AS3993FWSOURCE\AS3993\FIRMWARE\SRC\AS3993_CONFIG.H 18 : Illegal character (*)
Error[108]   D:\CÛPIA\SANKYU\080116\SANKYU\AS3993FWSOURCE\AS3993\FIRMWARE\SRC\AS3993_CONFIG.H 19 : Illegal character (*)
Error[108]   D:\CÛPIA\SANKYU\080116\SANKYU\AS3993FWSOURCE\AS3993\FIRMWARE\SRC\AS3993_CONFIG.H 20 : Illegal character (*)
Error[108]   D:\CÛPIA\SANKYU\080116\SANKYU\AS3993FWSOURCE\AS3993\FIRMWARE\SRC\AS3993_CONFIG.H 21 : Illegal character (*)
Error[108]   D:\CÛPIA\SANKYU\080116\SANKYU\AS3993FWSOURCE\AS3993\FIRMWARE\SRC\AS3993_CONFIG.H 22 : Illegal character (/)
Error[108]   D:\CÛPIA\SANKYU\080116\SANKYU\AS3993FWSOURCE\AS3993\FIRMWARE\SRC\AS3993_CONFIG.H 23 : Illegal character (*)
Error[108]   D:\CÛPIA\SANKYU\080116\SANKYU\AS3993FWSOURCE\AS3993\FIRMWARE\SRC\AS3993_CONFIG.H 24 : Illegal character (*)
Error[108]   D:\CÛPIA\SANKYU\080116\SANKYU\AS3993FWSOURCE\AS3993\FIRMWARE\SRC\AS3993_CONFIG.H 25 : Illegal character (*)
Error[108]   D:\CÛPIA\SANKYU\080116\SANKYU\AS3993FWSOURCE\AS3993\FIRMWARE\SRC\AS3993_CONFIG.H 26 : Illegal character (*)
Error[108]   D:\CÛPIA\SANKYU\080116\SANKYU\AS3993FWSOURCE\AS3993\FIRMWARE\SRC\AS3993_CONFIG.H 27 : Illegal character (*)
Error[108]   D:\CÛPIA\SANKYU\080116\SANKYU\AS3993FWSOURCE\AS3993\FIRMWARE\SRC\AS3993_CONFIG.H 28 : Illegal character (*)
Error[108]   D:\CÛPIA\SANKYU\080116\SANKYU\AS3993FWSOURCE\AS3993\FIRMWARE\SRC\AS3993_CONFIG.H 29 : Illegal character (*)
Error[108]   D:\CÛPIA\SANKYU\080116\SANKYU\AS3993FWSOURCE\AS3993\FIRMWARE\SRC\AS3993_CONFIG.H 30 : Illegal character (*)
Error[108]   D:\CÛPIA\SANKYU\080116\SANKYU\AS3993FWSOURCE\AS3993\FIRMWARE\SRC\AS3993_CONFIG.H 31 : Illegal character (*)
Error[108]   D:\CÛPIA\SANKYU\080116\SANKYU\AS3993FWSOURCE\AS3993\FIRMWARE\SRC\GLOBAL.H 1 : Illegal character (/)
Error[108]   D:\CÛPIA\SANKYU\080116\SANKYU\AS3993FWSOURCE\AS3993\FIRMWARE\SRC\GLOBAL.H 2 : Illegal character (*)
Error[108]   D:\CÛPIA\SANKYU\080116\SANKYU\AS3993FWSOURCE\AS3993\FIRMWARE\SRC\GLOBAL.H 3 : Illegal character (*)
Error[108]   D:\CÛPIA\SANKYU\080116\SANKYU\AS3993FWSOURCE\AS3993\FIRMWARE\SRC\GLOBAL.H 4 : Illegal character (*)
Error[108]   D:\CÛPIA\SANKYU\080116\SANKYU\AS3993FWSOURCE\AS3993\FIRMWARE\SRC\GLOBAL.H 5 : Illegal character (*)
Error[108]   D:\CÛPIA\SANKYU\080116\SANKYU\AS3993FWSOURCE\AS3993\FIRMWARE\SRC\GLOBAL.H 6 : Illegal character (*)
Error[108]   D:\CÛPIA\SANKYU\080116\SANKYU\AS3993FWSOURCE\AS3993\FIRMWARE\SRC\GLOBAL.H 7 : Illegal character (*)
Error[108]   D:\CÛPIA\SANKYU\080116\SANKYU\AS3993FWSOURCE\AS3993\FIRMWARE\SRC\GLOBAL.H 8 : Illegal character (*)
Error[108]   D:\CÛPIA\SANKYU\080116\SANKYU\AS3993FWSOURCE\AS3993\FIRMWARE\SRC\GLOBAL.H 9 : Illegal character (*)
Error[108]   D:\CÛPIA\SANKYU\080116\SANKYU\AS3993FWSOURCE\AS3993\FIRMWARE\SRC\GLOBAL.H 10 : Illegal character (*)
Error[108]   D:\CÛPIA\SANKYU\080116\SANKYU\AS3993FWSOURCE\AS3993\FIRMWARE\SRC\GLOBAL.H 11 : Illegal character (*)
Error[108]   D:\CÛPIA\SANKYU\080116\SANKYU\AS3993FWSOURCE\AS3993\FIRMWARE\SRC\GLOBAL.H 12 : Illegal character (*)
Error[108]   D:\CÛPIA\SANKYU\080116\SANKYU\AS3993FWSOURCE\AS3993\FIRMWARE\SRC\GLOBAL.H 13 : Illegal character (*)
Error[108]   D:\CÛPIA\SANKYU\080116\SANKYU\AS3993FWSOURCE\AS3993\FIRMWARE\SRC\GLOBAL.H 14 : Illegal character (*)
Error[108]   D:\CÛPIA\SANKYU\080116\SANKYU\AS3993FWSOURCE\AS3993\FIRMWARE\SRC\GLOBAL.H 15 : Illegal character (*)
Error[108]   D:\CÛPIA\SANKYU\080116\SANKYU\AS3993FWSOURCE\AS3993\FIRMWARE\SRC\GLOBAL.H 16 : Illegal character (*)
Error[108]   D:\CÛPIA\SANKYU\080116\SANKYU\AS3993FWSOURCE\AS3993\FIRMWARE\SRC\GLOBAL.H 17 : Illegal character (*)
Error[108]   D:\CÛPIA\SANKYU\080116\SANKYU\AS3993FWSOURCE\AS3993\FIRMWARE\SRC\GLOBAL.H 18 : Illegal character (*)
Error[108]   D:\CÛPIA\SANKYU\080116\SANKYU\AS3993FWSOURCE\AS3993\FIRMWARE\SRC\GLOBAL.H 19 : Illegal character (*)
Error[108]   D:\CÛPIA\SANKYU\080116\SANKYU\AS3993FWSOURCE\AS3993\FIRMWARE\SRC\GLOBAL.H 20 : Illegal character (*)
Error[108]   D:\CÛPIA\SANKYU\080116\SANKYU\AS3993FWSOURCE\AS3993\FIRMWARE\SRC\GLOBAL.H 21 : Illegal character (*)
Error[108]   D:\CÛPIA\SANKYU\080116\SANKYU\AS3993FWSOURCE\AS3993\FIRMWARE\SRC\GLOBAL.H 22 : Illegal character (*)
Error[108]   D:\CÛPIA\SANKYU\080116\SANKYU\AS3993FWSOURCE\AS3993\FIRMWARE\SRC\GLOBAL.H 23 : Illegal character (/)
Error[108]   D:\CÛPIA\SANKYU\080116\SANKYU\AS3993FWSOURCE\AS3993\FIRMWARE\SRC\GLOBAL.H 24 : Illegal character (*)
Error[108]   D:\CÛPIA\SANKYU\080116\SANKYU\AS3993FWSOURCE\AS3993\FIRMWARE\SRC\GLOBAL.H 25 : Illegal character (*)
Error[108]   D:\CÛPIA\SANKYU\080116\SANKYU\AS3993FWSOURCE\AS3993\FIRMWARE\SRC\GLOBAL.H 26 : Illegal character (*)
Error[108]   D:\CÛPIA\SANKYU\080116\SANKYU\AS3993FWSOURCE\AS3993\FIRMWARE\SRC\GLOBAL.H 27 : Illegal character (*)
Error[108]   D:\CÛPIA\SANKYU\080116\SANKYU\AS3993FWSOURCE\AS3993\FIRMWARE\SRC\GLOBAL.H 32 : Illegal character (/)
Error[108]   D:\CÛPIA\SANKYU\080116\SANKYU\AS3993FWSOURCE\AS3993\FIRMWARE\SRC\GLOBAL.H 34 : Illegal character (/)
Error[108]   D:\CÛPIA\SANKYU\080116\SANKYU\AS3993FWSOURCE\AS3993\FIRMWARE\SRC\GLOBAL.H 35 : Illegal character (/)
Error[108]   D:\CÛPIA\SANKYU\080116\SANKYU\AS3993FWSOURCE\AS3993\FIRMWARE\SRC\GLOBAL.H 36 : Illegal character (/)
Error[108]   D:\CÛPIA\SANKYU\080116\SANKYU\AS3993FWSOURCE\AS3993\FIRMWARE\SRC\GLOBAL.H 37 : Illegal character (/)
Error[108]   D:\CÛPIA\SANKYU\080116\SANKYU\AS3993FWSOURCE\AS3993\FIRMWARE\SRC\GLOBAL.H 113 : Illegal character (/)
Error[108]   D:\CÛPIA\SANKYU\080116\SANKYU\AS3993FWSOURCE\AS3993\FIRMWARE\SRC\GLOBAL.H 115 : Illegal character (/)
Error[108]   D:\CÛPIA\SANKYU\080116\SANKYU\AS3993FWSOURCE\AS3993\FIRMWARE\SRC\GLOBAL.H 121 : Illegal character (/)
Error[108]   D:\CÛPIA\SANKYU\080116\SANKYU\AS3993FWSOURCE\AS3993\FIRMWARE\SRC\AS3993_CONFIG.H 33 : Illegal character (/)
Error[108]   D:\CÛPIA\SANKYU\080116\SANKYU\AS3993FWSOURCE\AS3993\FIRMWARE\SRC\AS3993_CONFIG.H 34 : Illegal character (*)
Error[108]   D:\CÛPIA\SANKYU\080116\SANKYU\AS3993FWSOURCE\AS3993\FIRMWARE\SRC\AS3993_CONFIG.H 35 : Illegal character (*)
Error[108]   D:\CÛPIA\SANKYU\080116\SANKYU\AS3993FWSOURCE\AS3993\FIRMWARE\SRC\AS3993_CONFIG.H 36 : Illegal character (*)
Error[108]   D:\CÛPIA\SANKYU\080116\SANKYU\AS3993FWSOURCE\AS3993\FIRMWARE\SRC\AS3993_CONFIG.H 37 : Illegal character (*)
Error[108]   D:\CÛPIA\SANKYU\080116\SANKYU\AS3993FWSOURCE\AS3993\FIRMWARE\SRC\AS3993_CONFIG.H 38 : Illegal character (*)
Error[108]   D:\CÛPIA\SANKYU\080116\SANKYU\AS3993FWSOURCE\AS3993\FIRMWARE\SRC\AS3993_CONFIG.H 39 : Illegal character (*)
Error[108]   D:\CÛPIA\SANKYU\080116\SANKYU\AS3993FWSOURCE\AS3993\FIRMWARE\SRC\AS3993_CONFIG.H 40 : Illegal character (*)
Error[108]   D:\CÛPIA\SANKYU\080116\SANKYU\AS3993FWSOURCE\AS3993\FIRMWARE\SRC\AS3993_CONFIG.H 41 : Illegal character (*)
Error[108]   D:\CÛPIA\SANKYU\080116\SANKYU\AS3993FWSOURCE\AS3993\FIRMWARE\SRC\AS3993_CONFIG.H 42 : Illegal character (*)
Error[108]   D:\CÛPIA\SANKYU\080116\SANKYU\AS3993FWSOURCE\AS3993\FIRMWARE\SRC\AS3993_CONFIG.H 43 : Illegal character (*)
Error[108]   D:\CÛPIA\SANKYU\080116\SANKYU\AS3993FWSOURCE\AS3993\FIRMWARE\SRC\AS3993_CONFIG.H 44 : Illegal character (*)
Error[108]   D:\CÛPIA\SANKYU\080116\SANKYU\AS3993FWSOURCE\AS3993\FIRMWARE\SRC\AS3993_CONFIG.H 45 : Illegal character (*)
Error[108]   D:\CÛPIA\SANKYU\080116\SANKYU\AS3993FWSOURCE\AS3993\FIRMWARE\SRC\AS3993_CONFIG.H 46 : Illegal character (*)
Error[108]   D:\CÛPIA\SANKYU\080116\SANKYU\AS3993FWSOURCE\AS3993\FIRMWARE\SRC\AS3993_CONFIG.H 47 : Illegal character (*)
Error[108]   D:\CÛPIA\SANKYU\080116\SANKYU\AS3993FWSOURCE\AS3993\FIRMWARE\SRC\AS3993_CONFIG.H 48 : Illegal character (*)
Error[108]   D:\CÛPIA\SANKYU\080116\SANKYU\AS3993FWSOURCE\AS3993\FIRMWARE\SRC\AS3993_CONFIG.H 49 : Illegal character (*)
Error[108]   D:\CÛPIA\SANKYU\080116\SANKYU\AS3993FWSOURCE\AS3993\FIRMWARE\SRC\AS3993_CONFIG.H 50 : Illegal character (*)
Error[108]   D:\CÛPIA\SANKYU\080116\SANKYU\AS3993FWSOURCE\AS3993\FIRMWARE\SRC\AS3993_CONFIG.H 51 : Illegal character (*)
Error[108]   D:\CÛPIA\SANKYU\080116\SANKYU\AS3993FWSOURCE\AS3993\FIRMWARE\SRC\AS3993_CONFIG.H 52 : Illegal character (*)
Error[108]   D:\CÛPIA\SANKYU\080116\SANKYU\AS3993FWSOURCE\AS3993\FIRMWARE\SRC\AS3993_CONFIG.H 53 : Illegal character (*)
Error[108]   D:\CÛPIA\SANKYU\080116\SANKYU\AS3993FWSOURCE\AS3993\FIRMWARE\SRC\AS3993_CONFIG.H 54 : Illegal character (/)
Error[108]   D:\CÛPIA\SANKYU\080116\SANKYU\AS3993FWSOURCE\AS3993\FIRMWARE\SRC\AS3993_CONFIG.H 55 : Illegal character (*)
Error[108]   D:\CÛPIA\SANKYU\080116\SANKYU\AS3993FWSOURCE\AS3993\FIRMWARE\SRC\AS3993_CONFIG.H 56 : Illegal character (*)
Error[108]   D:\CÛPIA\SANKYU\080116\SANKYU\AS3993FWSOURCE\AS3993\FIRMWARE\SRC\AS3993_CONFIG.H 57 : Illegal character (*)
Error[108]   D:\CÛPIA\SANKYU\080116\SANKYU\AS3993FWSOURCE\AS3993\FIRMWARE\SRC\AS3993_CONFIG.H 58 : Illegal character (*)
Error[108]   D:\CÛPIA\SANKYU\080116\SANKYU\AS3993FWSOURCE\AS3993\FIRMWARE\SRC\AS3993_CONFIG.H 59 : Illegal character (*)
Error[108]   D:\CÛPIA\SANKYU\080116\SANKYU\AS3993FWSOURCE\AS3993\FIRMWARE\SRC\AS3993_CONFIG.H 60 : Illegal character (*)
Error[108]   D:\CÛPIA\SANKYU\080116\SANKYU\AS3993FWSOURCE\AS3993\FIRMWARE\SRC\AS3993_CONFIG.H 61 : Illegal character (*)
Error[108]   D:\CÛPIA\SANKYU\080116\SANKYU\AS3993FWSOURCE\AS3993\FIRMWARE\SRC\AS3993_CONFIG.H 62 : Illegal character (*)
Error[108]   D:\CÛPIA\SANKYU\080116\SANKYU\AS3993FWSOURCE\AS3993\FIRMWARE\SRC\AS3993_CONFIG.H 63 : Illegal character (*)
Error[108]   D:\CÛPIA\SANKYU\080116\SANKYU\AS3993FWSOURCE\AS3993\FIRMWARE\SRC\GLOBAL.H 134 : Illegal character (/)
Error[108]   D:\CÛPIA\SANKYU\080116\SANKYU\AS3993FWSOURCE\AS3993\FIRMWARE\SRC\GLOBAL.H 135 : Illegal character (*)
Error[108]   D:\CÛPIA\SANKYU\080116\SANKYU\AS3993FWSOURCE\AS3993\FIRMWARE\SRC\GLOBAL.H 136 : Illegal character (*)
Error[108]   D:\CÛPIA\SANKYU\080116\SANKYU\AS3993FWSOURCE\AS3993\FIRMWARE\SRC\GLOBAL.H 137 : Illegal character (*)
Error[108]   D:\CÛPIA\SANKYU\080116\SANKYU\AS3993FWSOURCE\AS3993\FIRMWARE\SRC\GLOBAL.H 138 : Illegal character (*)
Error[108]   D:\CÛPIA\SANKYU\080116\SANKYU\AS3993FWSOURCE\AS3993\FIRMWARE\SRC\GLOBAL.H 139 : Illegal character (*)
Error[108]   D:\CÛPIA\SANKYU\080116\SANKYU\AS3993FWSOURCE\AS3993\FIRMWARE\SRC\GLOBAL.H 140 : Illegal character (*)
Error[108]   D:\CÛPIA\SANKYU\080116\SANKYU\AS3993FWSOURCE\AS3993\FIRMWARE\SRC\GLOBAL.H 141 : Illegal character (*)
Error[108]   D:\CÛPIA\SANKYU\080116\SANKYU\AS3993FWSOURCE\AS3993\FIRMWARE\SRC\GLOBAL.H 142 : Illegal character (*)
Error[108]   D:\CÛPIA\SANKYU\080116\SANKYU\AS3993FWSOURCE\AS3993\FIRMWARE\SRC\GLOBAL.H 143 : Illegal character (*)
Error[108]   D:\CÛPIA\SANKYU\080116\SANKYU\AS3993FWSOURCE\AS3993\FIRMWARE\SRC\GLOBAL.H 144 : Illegal character (*)
Error[108]   D:\CÛPIA\SANKYU\080116\SANKYU\AS3993FWSOURCE\AS3993\FIRMWARE\SRC\GLOBAL.H 145 : Illegal character (*)
Error[108]   D:\CÛPIA\SANKYU\080116\SANKYU\AS3993FWSOURCE\AS3993\FIRMWARE\SRC\GLOBAL.H 146 : Illegal character (*)
Error[108]   D:\CÛPIA\SANKYU\080116\SANKYU\AS3993FWSOURCE\AS3993\FIRMWARE\SRC\GLOBAL.H 147 : Illegal character (*)
Error[108]   D:\CÛPIA\SANKYU\080116\SANKYU\AS3993FWSOURCE\AS3993\FIRMWARE\SRC\GLOBAL.H 148 : Illegal character (*)
Error[108]   D:\CÛPIA\SANKYU\080116\SANKYU\AS3993FWSOURCE\AS3993\FIRMWARE\SRC\GLOBAL.H 149 : Illegal character (*)
Error[108]   D:\CÛPIA\SANKYU\080116\SANKYU\AS3993FWSOURCE\AS3993\FIRMWARE\SRC\GLOBAL.H 150 : Illegal character (*)
Error[108]   D:\CÛPIA\SANKYU\080116\SANKYU\AS3993FWSOURCE\AS3993\FIRMWARE\SRC\GLOBAL.H 151 : Illegal character (*)
Error[108]   D:\CÛPIA\SANKYU\080116\SANKYU\AS3993FWSOURCE\AS3993\FIRMWARE\SRC\GLOBAL.H 152 : Illegal character (*)
Error[108]   D:\CÛPIA\SANKYU\080116\SANKYU\AS3993FWSOURCE\AS3993\FIRMWARE\SRC\GLOBAL.H 153 : Illegal character (*)
Error[108]   D:\CÛPIA\SANKYU\080116\SANKYU\AS3993FWSOURCE\AS3993\FIRMWARE\SRC\GLOBAL.H 154 : Illegal character (*)
Error[108]   D:\CÛPIA\SANKYU\080116\SANKYU\AS3993FWSOURCE\AS3993\FIRMWARE\SRC\GLOBAL.H 155 : Illegal character (*)
Error[108]   D:\CÛPIA\SANKYU\080116\SANKYU\AS3993FWSOURCE\AS3993\FIRMWARE\SRC\GLOBAL.H 156 : Illegal character (/)
Error[108]   D:\CÛPIA\SANKYU\080116\SANKYU\AS3993FWSOURCE\AS3993\FIRMWARE\SRC\GLOBAL.H 157 : Illegal character (*)
Error[108]   D:\CÛPIA\SANKYU\080116\SANKYU\AS3993FWSOURCE\AS3993\FIRMWARE\SRC\GLOBAL.H 158 : Illegal character (*)
Error[108]   D:\CÛPIA\SANKYU\080116\SANKYU\AS3993FWSOURCE\AS3993\FIRMWARE\SRC\GLOBAL.H 159 : Illegal character (*)
Error[108]   D:\CÛPIA\SANKYU\080116\SANKYU\AS3993FWSOURCE\AS3993\FIRMWARE\SRC\GLOBAL.H 160 : Illegal character (*)
Error[115]   D:\CÛPIA\SANKYU\080116\SANKYU\AS3993FWSOURCE\AS3993\FIRMWARE\SRC\GLOBAL.H 163 : Duplicate label ("PODE_SER_ALPHA" or redefining symbol that cannot be redefined)
Error[108]   D:\CÛPIA\SANKYU\080116\SANKYU\AS3993FWSOURCE\AS3993\FIRMWARE\SRC\GLOBAL.H 165 : Illegal character (/)
Error[115]   D:\CÛPIA\SANKYU\080116\SANKYU\AS3993FWSOURCE\AS3993\FIRMWARE\SRC\GLOBAL.H 166 : Duplicate label ("ARCELOR" or redefining symbol that cannot be redefined)
Error[108]   D:\CÛPIA\SANKYU\080116\SANKYU\AS3993FWSOURCE\AS3993\FIRMWARE\SRC\GLOBAL.H 167 : Illegal character (/)
Error[108]   D:\CÛPIA\SANKYU\080116\SANKYU\AS3993FWSOURCE\AS3993\FIRMWARE\SRC\GLOBAL.H 168 : Illegal character (/)
Error[108]   D:\CÛPIA\SANKYU\080116\SANKYU\AS3993FWSOURCE\AS3993\FIRMWARE\SRC\GLOBAL.H 169 : Illegal character (/)
Error[108]   D:\CÛPIA\SANKYU\080116\SANKYU\AS3993FWSOURCE\AS3993\FIRMWARE\SRC\GLOBAL.H 170 : Illegal character (/)
Error[108]   D:\CÛPIA\SANKYU\080116\SANKYU\AS3993FWSOURCE\AS3993\FIRMWARE\SRC\GLOBAL.H 246 : Illegal character (/)
Error[108]   D:\CÛPIA\SANKYU\080116\SANKYU\AS3993FWSOURCE\AS3993\FIRMWARE\SRC\GLOBAL.H 248 : Illegal character (/)
Error[108]   D:\CÛPIA\SANKYU\080116\SANKYU\AS3993FWSOURCE\AS3993\FIRMWARE\SRC\AS3993_CONFIG.H 69 : Illegal character (/)
Error[108]   D:\CÛPIA\SANKYU\080116\SANKYU\AS3993FWSOURCE\AS3993\FIRMWARE\SRC\AS3993_CONFIG.H 70 : Illegal character (/)
Error[108]   D:\CÛPIA\SANKYU\080116\SANKYU\AS3993FWSOURCE\AS3993\FIRMWARE\SRC\AS3993_CONFIG.H 71 : Illegal character (/)
Error[108]   D:\CÛPIA\SANKYU\080116\SANKYU\AS3993FWSOURCE\AS3993\FIRMWARE\SRC\AS3993_CONFIG.H 73 : Illegal character (/)
Error[108]   D:\CÛPIA\SANKYU\080116\SANKYU\AS3993FWSOURCE\AS3993\FIRMWARE\SRC\AS3993_CONFIG.H 76 : Illegal character (/)
Error[108]   D:\CÛPIA\SANKYU\080116\SANKYU\AS3993FWSOURCE\AS3993\FIRMWARE\SRC\AS3993_CONFIG.H 79 : Illegal character (/)
Error[108]   D:\CÛPIA\SANKYU\080116\SANKYU\AS3993FWSOURCE\AS3993\FIRMWARE\SRC\AS3993_CONFIG.H 80 : Illegal character (/)
Error[108]   D:\CÛPIA\SANKYU\080116\SANKYU\AS3993FWSOURCE\AS3993\FIRMWARE\SRC\AS3993_CONFIG.H 82 : Illegal character (/)
Error[108]   D:\CÛPIA\SANKYU\080116\SANKYU\AS3993FWSOURCE\AS3993\FIRMWARE\SRC\AS3993_CONFIG.H 85 : Illegal character (/)
Error[108]   D:\CÛPIA\SANKYU\080116\SANKYU\AS3993FWSOURCE\AS3993\FIRMWARE\SRC\AS3993_CONFIG.H 88 : Illegal character (/)
Error[108]   D:\CÛPIA\SANKYU\080116\SANKYU\AS3993FWSOURCE\AS3993\FIRMWARE\SRC\AS3993_CONFIG.H 91 : Illegal character (/)
Error[108]   D:\CÛPIA\SANKYU\080116\SANKYU\AS3993FWSOURCE\AS3993\FIRMWARE\SRC\AS3993_CONFIG.H 94 : Illegal character (/)
Error[108]   D:\CÛPIA\SANKYU\080116\SANKYU\AS3993FWSOURCE\AS3993\FIRMWARE\SRC\AS3993_CONFIG.H 97 : Illegal character (/)
Error[108]   D:\CÛPIA\SANKYU\080116\SANKYU\AS3993FWSOURCE\AS3993\FIRMWARE\SRC\AS3993_CONFIG.H 100 : Illegal character (/)
Error[108]   D:\CÛPIA\SANKYU\080116\SANKYU\AS3993FWSOURCE\AS3993\FIRMWARE\SRC\AS3993_CONFIG.H 103 : Illegal character (/)
Warning[207] D:\CÛPIA\SANKYU\080116\SANKYU\AS3993FWSOURCE\AS3993\FIRMWARE\SRC\AS3993_CONFIG.H 104 : Found label after column 1. (testing)
Error[122]   D:\CÛPIA\SANKYU\080116\SANKYU\AS3993FWSOURCE\AS3993\FIRMWARE\SRC\AS3993_CONFIG.H 104 : Illegal opcode (connection)
Error[108]   D:\CÛPIA\SANKYU\080116\SANKYU\AS3993FWSOURCE\AS3993\FIRMWARE\SRC\AS3993_CONFIG.H 107 : Illegal character (/)
Warning[207] D:\CÛPIA\SANKYU\080116\SANKYU\AS3993FWSOURCE\AS3993\FIRMWARE\SRC\AS3993_CONFIG.H 108 : Found label after column 1. (bebug)
Error[122]   D:\CÛPIA\SANKYU\080116\SANKYU\AS3993FWSOURCE\AS3993\FIRMWARE\SRC\AS3993_CONFIG.H 108 : Illegal opcode (output)
Error[108]   D:\CÛPIA\SANKYU\080116\SANKYU\AS3993FWSOURCE\AS3993\FIRMWARE\SRC\AS3993_CONFIG.H 111 : Illegal character (/)
Error[108]   D:\CÛPIA\SANKYU\080116\SANKYU\AS3993FWSOURCE\AS3993\FIRMWARE\SRC\AS3993_CONFIG.H 114 : Illegal character (/)
Error[108]   D:\CÛPIA\SANKYU\080116\SANKYU\AS3993FWSOURCE\AS3993\FIRMWARE\SRC\AS3993_CONFIG.H 117 : Illegal character (/)
Error[108]   D:\CÛPIA\SANKYU\080116\SANKYU\AS3993FWSOURCE\AS3993\FIRMWARE\SRC\AS3993_CONFIG.H 120 : Illegal character (/)
Error[108]   D:\CÛPIA\SANKYU\080116\SANKYU\AS3993FWSOURCE\AS3993\FIRMWARE\SRC\AS3993_CONFIG.H 121 : Illegal character (/)
Error[108]   D:\CÛPIA\SANKYU\080116\SANKYU\AS3993FWSOURCE\AS3993\FIRMWARE\SRC\AS3993_CONFIG.H 122 : Illegal character (/)
Error[108]   D:\CÛPIA\SANKYU\080116\SANKYU\AS3993FWSOURCE\AS3993\FIRMWARE\SRC\AS3993_CONFIG.H 135 : Illegal character (0)
Error[115]   D:\CÛPIA\SANKYU\080116\SANKYU\AS3993FWSOURCE\AS3993\FIRMWARE\SRC\AS3993_CONFIG.H 136 : Duplicate label ("CHIP" or redefining symbol that cannot be redefined)
Error[108]   D:\CÛPIA\SANKYU\080116\SANKYU\AS3993FWSOURCE\AS3993\FIRMWARE\SRC\AS3993_CONFIG.H 137 : Illegal character (0)
Error[115]   D:\CÛPIA\SANKYU\080116\SANKYU\AS3993FWSOURCE\AS3993\FIRMWARE\SRC\AS3993_CONFIG.H 138 : Duplicate label ("CHIP" or redefining symbol that cannot be redefined)
Error[108]   D:\CÛPIA\SANKYU\080116\SANKYU\AS3993FWSOURCE\AS3993\FIRMWARE\SRC\AS3993_CONFIG.H 139 : Illegal character (0)
Error[115]   D:\CÛPIA\SANKYU\080116\SANKYU\AS3993FWSOURCE\AS3993\FIRMWARE\SRC\AS3993_CONFIG.H 140 : Duplicate label ("CHIP" or redefining symbol that cannot be redefined)
Error[113]   D:\CÛPIA\SANKYU\080116\SANKYU\AS3993FWSOURCE\AS3993\FIRMWARE\SRC\AS3993_CONFIG.H 156 : Symbol not previously defined (FEMTO2)
Error[108]   D:\CÛPIA\SANKYU\080116\SANKYU\AS3993FWSOURCE\AS3993\FIRMWARE\SRC\AS3993_CONFIG.H 179 : Illegal character (/)
Error[108]   D:\CÛPIA\SANKYU\080116\SANKYU\AS3993FWSOURCE\AS3993\FIRMWARE\SRC\AS3993_CONFIG.H 181 : Illegal character (/)
Error[108]   D:\CÛPIA\SANKYU\080116\SANKYU\AS3993FWSOURCE\AS3993\FIRMWARE\SRC\AS3993_CONFIG.H 183 : Illegal character (/)
Error[108]   D:\CÛPIA\SANKYU\080116\SANKYU\AS3993FWSOURCE\AS3993\FIRMWARE\SRC\AS3993_CONFIG.H 186 : Illegal character (/)
Error[108]   D:\CÛPIA\SANKYU\080116\SANKYU\AS3993FWSOURCE\AS3993\FIRMWARE\SRC\AS3993_CONFIG.H 187 : Illegal character (*)
Error[108]   D:\CÛPIA\SANKYU\080116\SANKYU\AS3993FWSOURCE\AS3993\FIRMWARE\SRC\AS3993_CONFIG.H 188 : Illegal character (*)
Error[108]   D:\CÛPIA\SANKYU\080116\SANKYU\AS3993FWSOURCE\AS3993\FIRMWARE\SRC\AS3993_CONFIG.H 189 : Illegal character (*)
Error[108]   D:\CÛPIA\SANKYU\080116\SANKYU\AS3993FWSOURCE\AS3993\FIRMWARE\SRC\AS3993_CONFIG.H 190 : Illegal character (*)
Error[108]   D:\CÛPIA\SANKYU\080116\SANKYU\AS3993FWSOURCE\AS3993\FIRMWARE\SRC\AS3993_CONFIG.H 191 : Illegal character (*)
Error[108]   D:\CÛPIA\SANKYU\080116\SANKYU\AS3993FWSOURCE\AS3993\FIRMWARE\SRC\AS3993_CONFIG.H 192 : Illegal character (*)
Error[108]   D:\CÛPIA\SANKYU\080116\SANKYU\AS3993FWSOURCE\AS3993\FIRMWARE\SRC\AS3993_CONFIG.H 193 : Illegal character (*)
Error[113]   D:\CÛPIA\SANKYU\080116\SANKYU\AS3993FWSOURCE\AS3993\FIRMWARE\SRC\AS3993_CONFIG.H 194 : Symbol not previously defined (PLACA_TECBAN)
Error[108]   D:\CÛPIA\SANKYU\080116\SANKYU\AS3993FWSOURCE\AS3993\FIRMWARE\SRC\AS3993_CONFIG.H 233 : Illegal character (/)
Error[108]   D:\CÛPIA\SANKYU\080116\SANKYU\AS3993FWSOURCE\AS3993\FIRMWARE\SRC\AS3993_CONFIG.H 234 : Illegal character (/)
Error[108]   D:\CÛPIA\SANKYU\080116\SANKYU\AS3993FWSOURCE\AS3993\FIRMWARE\SRC\AS3993_CONFIG.H 235 : Illegal character (/)
Error[113]   D:\CÛPIA\SANKYU\080116\SANKYU\AS3993FWSOURCE\AS3993\FIRMWARE\SRC\AS3993_CONFIG.H 236 : Symbol not previously defined (FEMTO2)
Error[113]   D:\CÛPIA\SANKYU\080116\SANKYU\AS3993FWSOURCE\AS3993\FIRMWARE\SRC\AS3993_CONFIG.H 239 : Symbol not previously defined (FEMTO2)
Error[108]   D:\CÛPIA\SANKYU\080116\SANKYU\AS3993FWSOURCE\AS3993\FIRMWARE\SRC\AS3993_CONFIG.H 256 : Illegal character (/)
Error[108]   D:\CÛPIA\SANKYU\080116\SANKYU\AS3993FWSOURCE\AS3993\FIRMWARE\SRC\AS3993_CONFIG.H 257 : Illegal character (\)
Error[108]   D:\CÛPIA\SANKYU\080116\SANKYU\AS3993FWSOURCE\AS3993\FIRMWARE\SRC\AS3993_CONFIG.H 258 : Illegal character (\)
Warning[207] D:\CÛPIA\SANKYU\080116\SANKYU\AS3993FWSOURCE\AS3993\FIRMWARE\SRC\AS3993_CONFIG.H 259 : Found label after column 1. (This)
Error[122]   D:\CÛPIA\SANKYU\080116\SANKYU\AS3993FWSOURCE\AS3993\FIRMWARE\SRC\AS3993_CONFIG.H 259 : Illegal opcode (software)
Error[108]   D:\CÛPIA\SANKYU\080116\SANKYU\AS3993FWSOURCE\AS3993\FIRMWARE\SRC\AS3993_CONFIG.H 261 : Illegal character (<)
Error[108]   D:\CÛPIA\SANKYU\080116\SANKYU\AS3993FWSOURCE\AS3993\FIRMWARE\SRC\AS3993_CONFIG.H 262 : Illegal character (<)
Error[108]   D:\CÛPIA\SANKYU\080116\SANKYU\AS3993FWSOURCE\AS3993\FIRMWARE\SRC\AS3993_CONFIG.H 263 : Illegal character (<)
Error[108]   D:\CÛPIA\SANKYU\080116\SANKYU\AS3993FWSOURCE\AS3993\FIRMWARE\SRC\AS3993_CONFIG.H 264 : Illegal character (<)
Error[108]   D:\CÛPIA\SANKYU\080116\SANKYU\AS3993FWSOURCE\AS3993\FIRMWARE\SRC\AS3993_CONFIG.H 265 : Illegal character (\)
Warning[207] D:\CÛPIA\SANKYU\080116\SANKYU\AS3993FWSOURCE\AS3993\FIRMWARE\SRC\AS3993_CONFIG.H 266 : Found label after column 1. (All)
Error[122]   D:\CÛPIA\SANKYU\080116\SANKYU\AS3993FWSOURCE\AS3993\FIRMWARE\SRC\AS3993_CONFIG.H 266 : Illegal opcode (commands)
Error[108]   D:\CÛPIA\SANKYU\080116\SANKYU\AS3993FWSOURCE\AS3993\FIRMWARE\SRC\AS3993_CONFIG.H 267 : Illegal character (<)
Error[108]   D:\CÛPIA\SANKYU\080116\SANKYU\AS3993FWSOURCE\AS3993\FIRMWARE\SRC\AS3993_CONFIG.H 268 : Illegal character (<)
Error[108]   D:\CÛPIA\SANKYU\080116\SANKYU\AS3993FWSOURCE\AS3993\FIRMWARE\SRC\AS3993_CONFIG.H 269 : Illegal character (<)
Error[108]   D:\CÛPIA\SANKYU\080116\SANKYU\AS3993FWSOURCE\AS3993\FIRMWARE\SRC\AS3993_CONFIG.H 270 : Illegal character (<)
Error[108]   D:\CÛPIA\SANKYU\080116\SANKYU\AS3993FWSOURCE\AS3993\FIRMWARE\SRC\AS3993_CONFIG.H 271 : Illegal character (<)
Error[108]   D:\CÛPIA\SANKYU\080116\SANKYU\AS3993FWSOURCE\AS3993\FIRMWARE\SRC\AS3993_CONFIG.H 272 : Illegal character (<)
Error[108]   D:\CÛPIA\SANKYU\080116\SANKYU\AS3993FWSOURCE\AS3993\FIRMWARE\SRC\AS3993_CONFIG.H 273 : Illegal character (<)
Error[108]   D:\CÛPIA\SANKYU\080116\SANKYU\AS3993FWSOURCE\AS3993\FIRMWARE\SRC\AS3993_CONFIG.H 274 : Illegal character (<)
Error[108]   D:\CÛPIA\SANKYU\080116\SANKYU\AS3993FWSOURCE\AS3993\FIRMWARE\SRC\AS3993_CONFIG.H 275 : Illegal character (<)
Error[108]   D:\CÛPIA\SANKYU\080116\SANKYU\AS3993FWSOURCE\AS3993\FIRMWARE\SRC\AS3993_CONFIG.H 276 : Illegal character (<)
Error[108]   D:\CÛPIA\SANKYU\080116\SANKYU\AS3993FWSOURCE\AS3993\FIRMWARE\SRC\AS3993_CONFIG.H 277 : Illegal character (<)
Error[108]   D:\CÛPIA\SANKYU\080116\SANKYU\AS3993FWSOURCE\AS3993\FIRMWARE\SRC\AS3993_CONFIG.H 278 : Illegal character (<)
Error[108]   D:\CÛPIA\SANKYU\080116\SANKYU\AS3993FWSOURCE\AS3993\FIRMWARE\SRC\AS3993_CONFIG.H 279 : Illegal character (<)
Error[108]   D:\CÛPIA\SANKYU\080116\SANKYU\AS3993FWSOURCE\AS3993\FIRMWARE\SRC\AS3993_CONFIG.H 280 : Illegal character (<)
Error[108]   D:\CÛPIA\SANKYU\080116\SANKYU\AS3993FWSOURCE\AS3993\FIRMWARE\SRC\AS3993_CONFIG.H 281 : Illegal character (<)
Error[108]   D:\CÛPIA\SANKYU\080116\SANKYU\AS3993FWSOURCE\AS3993\FIRMWARE\SRC\AS3993_CONFIG.H 282 : Illegal character (<)
Warning[207] D:\CÛPIA\SANKYU\080116\SANKYU\AS3993FWSOURCE\AS3993\FIRMWARE\SRC\AS3993_CONFIG.H 284 : Found label after column 1. (The)
Error[122]   D:\CÛPIA\SANKYU\080116\SANKYU\AS3993FWSOURCE\AS3993\FIRMWARE\SRC\AS3993_CONFIG.H 284 : Illegal opcode (files)
Warning[207] D:\CÛPIA\SANKYU\080116\SANKYU\AS3993FWSOURCE\AS3993\FIRMWARE\SRC\AS3993_CONFIG.H 285 : Found label after column 1. (user)
Error[122]   D:\CÛPIA\SANKYU\080116\SANKYU\AS3993FWSOURCE\AS3993\FIRMWARE\SRC\AS3993_CONFIG.H 285 : Illegal opcode (for)
Warning[207] D:\CÛPIA\SANKYU\080116\SANKYU\AS3993FWSOURCE\AS3993\FIRMWARE\SRC\AS3993_CONFIG.H 286 : Found label after column 1. (by)
Error[122]   D:\CÛPIA\SANKYU\080116\SANKYU\AS3993FWSOURCE\AS3993\FIRMWARE\SRC\AS3993_CONFIG.H 286 : Illegal opcode (as3993.h.)
Warning[207] D:\CÛPIA\SANKYU\080116\SANKYU\AS3993FWSOURCE\AS3993\FIRMWARE\SRC\AS3993_CONFIG.H 287 : Found label after column 1. (interface)
Error[122]   D:\CÛPIA\SANKYU\080116\SANKYU\AS3993FWSOURCE\AS3993\FIRMWARE\SRC\AS3993_CONFIG.H 287 : Illegal opcode (provided)
Error[108]   D:\CÛPIA\SANKYU\080116\SANKYU\AS3993FWSOURCE\AS3993\FIRMWARE\SRC\AS3993_CONFIG.H 289 : Illegal character (\)
Warning[207] D:\CÛPIA\SANKYU\080116\SANKYU\AS3993FWSOURCE\AS3993\FIRMWARE\SRC\AS3993_CONFIG.H 290 : Found label after column 1. (The)
Error[122]   D:\CÛPIA\SANKYU\080116\SANKYU\AS3993FWSOURCE\AS3993\FIRMWARE\SRC\AS3993_CONFIG.H 290 : Illegal opcode (application)
Warning[207] D:\CÛPIA\SANKYU\080116\SANKYU\AS3993FWSOURCE\AS3993\FIRMWARE\SRC\AS3993_CONFIG.H 291 : Found label after column 1. (a)
Error[122]   D:\CÛPIA\SANKYU\080116\SANKYU\AS3993FWSOURCE\AS3993\FIRMWARE\SRC\AS3993_CONFIG.H 291 : Illegal opcode (dispatcher)
Warning[207] D:\CÛPIA\SANKYU\080116\SANKYU\AS3993FWSOURCE\AS3993\FIRMWARE\SRC\AS3993_CONFIG.H 292 : Found label after column 1. (and)
Error[122]   D:\CÛPIA\SANKYU\080116\SANKYU\AS3993FWSOURCE\AS3993\FIRMWARE\SRC\AS3993_CONFIG.H 292 : Illegal opcode (processes)
Warning[207] D:\CÛPIA\SANKYU\080116\SANKYU\AS3993FWSOURCE\AS3993\FIRMWARE\SRC\AS3993_CONFIG.H 293 : Found label after column 1. (in)
Error[122]   D:\CÛPIA\SANKYU\080116\SANKYU\AS3993FWSOURCE\AS3993\FIRMWARE\SRC\AS3993_CONFIG.H 293 : Illegal opcode (appl_commands.c.)
Error[108]   D:\CÛPIA\SANKYU\080116\SANKYU\AS3993FWSOURCE\AS3993\FIRMWARE\SRC\AS3993_CONFIG.H 295 : Illegal character (\)
Warning[207] D:\CÛPIA\SANKYU\080116\SANKYU\AS3993FWSOURCE\AS3993\FIRMWARE\SRC\AS3993_CONFIG.H 296 : Found label after column 1. (Configuration)
Error[122]   D:\CÛPIA\SANKYU\080116\SANKYU\AS3993FWSOURCE\AS3993\FIRMWARE\SRC\AS3993_CONFIG.H 296 : Illegal opcode (of)
Warning[207] D:\CÛPIA\SANKYU\080116\SANKYU\AS3993FWSOURCE\AS3993\FIRMWARE\SRC\AS3993_CONFIG.H 297 : Found label after column 1. (in)
Error[122]   D:\CÛPIA\SANKYU\080116\SANKYU\AS3993FWSOURCE\AS3993\FIRMWARE\SRC\AS3993_CONFIG.H 297 : Illegal opcode (the)
Warning[207] D:\CÛPIA\SANKYU\080116\SANKYU\AS3993FWSOURCE\AS3993\FIRMWARE\SRC\AS3993_CONFIG.H 298 : Found label after column 1. (environment)
Error[122]   D:\CÛPIA\SANKYU\080116\SANKYU\AS3993FWSOURCE\AS3993\FIRMWARE\SRC\AS3993_CONFIG.H 298 : Illegal opcode (are)
Error[108]   D:\CÛPIA\SANKYU\080116\SANKYU\AS3993FWSOURCE\AS3993\FIRMWARE\SRC\AS3993_CONFIG.H 299 : Illegal character (-)
Error[108]   D:\CÛPIA\SANKYU\080116\SANKYU\AS3993FWSOURCE\AS3993\FIRMWARE\SRC\AS3993_CONFIG.H 300 : Illegal character (-)
Error[108]   D:\CÛPIA\SANKYU\080116\SANKYU\AS3993FWSOURCE\AS3993\FIRMWARE\SRC\AS3993_CONFIG.H 301 : Illegal character (-)
Error[108]   D:\CÛPIA\SANKYU\080116\SANKYU\AS3993FWSOURCE\AS3993\FIRMWARE\SRC\AS3993_CONFIG.H 302 : Illegal character (-)
Warning[207] D:\CÛPIA\SANKYU\080116\SANKYU\AS3993FWSOURCE\AS3993\FIRMWARE\SRC\AS3993_CONFIG.H 304 : Found label after column 1. (A)
Error[122]   D:\CÛPIA\SANKYU\080116\SANKYU\AS3993FWSOURCE\AS3993\FIRMWARE\SRC\AS3993_CONFIG.H 304 : Illegal opcode (detailed)
Error[108]   D:\CÛPIA\SANKYU\080116\SANKYU\AS3993FWSOURCE\AS3993\FIRMWARE\SRC\AS3993_CONFIG.H 305 : Illegal character (\)
Error[108]   D:\CÛPIA\SANKYU\080116\SANKYU\AS3993FWSOURCE\AS3993\FIRMWARE\SRC\AS3993_CONFIG.H 307 : Illegal character (\)
Warning[207] D:\CÛPIA\SANKYU\080116\SANKYU\AS3993FWSOURCE\AS3993\FIRMWARE\SRC\AS3993_CONFIG.H 308 : Found label after column 1. (Before)
Error[122]   D:\CÛPIA\SANKYU\080116\SANKYU\AS3993FWSOURCE\AS3993\FIRMWARE\SRC\AS3993_CONFIG.H 308 : Illegal opcode (using)
Warning[207] D:\CÛPIA\SANKYU\080116\SANKYU\AS3993FWSOURCE\AS3993\FIRMWARE\SRC\AS3993_CONFIG.H 309 : Found label after column 1. (using)
Error[122]   D:\CÛPIA\SANKYU\080116\SANKYU\AS3993FWSOURCE\AS3993\FIRMWARE\SRC\AS3993_CONFIG.H 309 : Illegal opcode (as3993Initialize)
Warning[207] D:\CÛPIA\SANKYU\080116\SANKYU\AS3993FWSOURCE\AS3993\FIRMWARE\SRC\AS3993_CONFIG.H 310 : Found label after column 1. (of)
Error[122]   D:\CÛPIA\SANKYU\080116\SANKYU\AS3993FWSOURCE\AS3993\FIRMWARE\SRC\AS3993_CONFIG.H 310 : Illegal opcode (as3993Initialize)
Warning[207] D:\CÛPIA\SANKYU\080116\SANKYU\AS3993FWSOURCE\AS3993\FIRMWARE\SRC\AS3993_CONFIG.H 311 : Found label after column 1. (After)
Error[122]   D:\CÛPIA\SANKYU\080116\SANKYU\AS3993FWSOURCE\AS3993\FIRMWARE\SRC\AS3993_CONFIG.H 311 : Illegal opcode (successful)
Warning[207] D:\CÛPIA\SANKYU\080116\SANKYU\AS3993FWSOURCE\AS3993\FIRMWARE\SRC\AS3993_CONFIG.H 312 : Found label after column 1. (be)
Error[122]   D:\CÛPIA\SANKYU\080116\SANKYU\AS3993FWSOURCE\AS3993\FIRMWARE\SRC\AS3993_CONFIG.H 312 : Illegal opcode (called.)
Error[108]   D:\CÛPIA\SANKYU\080116\SANKYU\AS3993FWSOURCE\AS3993\FIRMWARE\SRC\AS3993_CONFIG.H 314 : Illegal character (\)
Warning[207] D:\CÛPIA\SANKYU\080116\SANKYU\AS3993FWSOURCE\AS3993\FIRMWARE\SRC\AS3993_CONFIG.H 315 : Found label after column 1. (The)
Error[122]   D:\CÛPIA\SANKYU\080116\SANKYU\AS3993FWSOURCE\AS3993\FIRMWARE\SRC\AS3993_CONFIG.H 315 : Illegal opcode (developer)
Warning[207] D:\CÛPIA\SANKYU\080116\SANKYU\AS3993FWSOURCE\AS3993\FIRMWARE\SRC\AS3993_CONFIG.H 316 : Found label after column 1. (to)
Error[122]   D:\CÛPIA\SANKYU\080116\SANKYU\AS3993FWSOURCE\AS3993\FIRMWARE\SRC\AS3993_CONFIG.H 316 : Illegal opcode (change)
Warning[207] D:\CÛPIA\SANKYU\080116\SANKYU\AS3993FWSOURCE\AS3993\FIRMWARE\SRC\AS3993_CONFIG.H 317 : Found label after column 1. (the)
Error[122]   D:\CÛPIA\SANKYU\080116\SANKYU\AS3993FWSOURCE\AS3993\FIRMWARE\SRC\AS3993_CONFIG.H 317 : Illegal opcode (host)
Warning[207] D:\CÛPIA\SANKYU\080116\SANKYU\AS3993FWSOURCE\AS3993\FIRMWARE\SRC\AS3993_CONFIG.H 318 : Found label after column 1. (he)
Error[122]   D:\CÛPIA\SANKYU\080116\SANKYU\AS3993FWSOURCE\AS3993\FIRMWARE\SRC\AS3993_CONFIG.H 318 : Illegal opcode (should)
Warning[207] D:\CÛPIA\SANKYU\080116\SANKYU\AS3993FWSOURCE\AS3993\FIRMWARE\SRC\AS3993_CONFIG.H 319 : Found label after column 1. (as3993Isr)
Error[108]   D:\CÛPIA\SANKYU\080116\SANKYU\AS3993FWSOURCE\AS3993\FIRMWARE\SRC\AS3993_CONFIG.H 319 : Illegal character (()
Error[108]   D:\CÛPIA\SANKYU\080116\SANKYU\AS3993FWSOURCE\AS3993\FIRMWARE\SRC\AS3993_CONFIG.H 321 : Illegal character (\)
Warning[207] D:\CÛPIA\SANKYU\080116\SANKYU\AS3993FWSOURCE\AS3993\FIRMWARE\SRC\AS3993_CONFIG.H 322 : Found label after column 1. (fits)
Error[122]   D:\CÛPIA\SANKYU\080116\SANKYU\AS3993FWSOURCE\AS3993\FIRMWARE\SRC\AS3993_CONFIG.H 322 : Illegal opcode (into)
Error[108]   D:\CÛPIA\SANKYU\080116\SANKYU\AS3993FWSOURCE\AS3993\FIRMWARE\SRC\AS3993_CONFIG.H 323 : Illegal character (\)
Error[108]   D:\CÛPIA\SANKYU\080116\SANKYU\AS3993FWSOURCE\AS3993\FIRMWARE\SRC\AS3993_CONFIG.H